[2023-05-14 09:28:40,132] INFO [GroupCoordinator 0]: Preparing to rebalance group statisticGroup in state PreparingRebalance with old generation 5 (__consumer_offsets-27) (reason: Removing member consumer-statisticGroup-1-635dc36c-ea9a-4ec4-81a2-e83b63451313 on LeaveGroup; client reason: the consumer unsubscribed from all topics) (kafka.coordinator.group.GroupCoordinator)
[2023-05-14 09:28:40,183] INFO [GroupCoordinator 0]: Group statisticGroup with generation 6 is now empty (__consumer_offsets-27) (kafka.coordinator.group.GroupCoordinator)
[2023-05-14 09:28:40,306] INFO [GroupCoordinator 0]: Member MemberMetadata(memberId=consumer-statisticGroup-1-635dc36c-ea9a-4ec4-81a2-e83b63451313, groupInstanceId=None, clientId=consumer-statisticGroup-1, clientHost=/127.0.0.1, sessionTimeoutMs=45000, rebalanceTimeoutMs=300000, supportedProtocols=List(range, cooperative-sticky)) has left group statisticGroup through explicit `LeaveGroup`; client reason: the consumer unsubscribed from all topics (kafka.coordinator.group.GroupCoordinator)
[2023-05-14 09:28:46,568] INFO [GroupCoordinator 0]: Dynamic member with unknown member id joins group statisticGroup in Empty state. Created a new member id consumer-statisticGroup-2-410a711b-d49f-499b-9a01-ed313a5122e1 and request the member to rejoin with this id. (kafka.coordinator.group.GroupCoordinator)
[2023-05-14 09:28:46,572] INFO [GroupCoordinator 0]: Preparing to rebalance group statisticGroup in state PreparingRebalance with old generation 6 (__consumer_offsets-27) (reason: Adding new member consumer-statisticGroup-2-410a711b-d49f-499b-9a01-ed313a5122e1 with group instance id None; client reason: rebalance failed due to MemberIdRequiredException) (kafka.coordinator.group.GroupCoordinator)
[2023-05-14 09:28:46,573] INFO [GroupCoordinator 0]: Stabilized group statisticGroup generation 7 (__consumer_offsets-27) with 1 members (kafka.coordinator.group.GroupCoordinator)
[2023-05-14 09:28:46,578] INFO [GroupCoordinator 0]: Assignment received from leader consumer-statisticGroup-2-410a711b-d49f-499b-9a01-ed313a5122e1 for group statisticGroup for generation 7. The group has 1 members, 0 of which are static. (kafka.coordinator.group.GroupCoordinator)
[2023-05-14 09:28:47,126] INFO Creating topic statistic.DLT with configuration {} and initial partition assignment Map(0 -> ArrayBuffer(0)) (kafka.zk.AdminZkClient)
[2023-05-14 09:28:47,215] INFO [GroupCoordinator 0]: Dynamic member with unknown member id joins group dltGroup in Empty state. Created a new member id consumer-dltGroup-1-9f03b050-14b6-436e-b21c-265e1428b21a and request the member to rejoin with this id. (kafka.coordinator.group.GroupCoordinator)
[2023-05-14 09:28:47,219] INFO [GroupCoordinator 0]: Preparing to rebalance group dltGroup in state PreparingRebalance with old generation 0 (__consumer_offsets-5) (reason: Adding new member consumer-dltGroup-1-9f03b050-14b6-436e-b21c-265e1428b21a with group instance id None; client reason: rebalance failed due to MemberIdRequiredException) (kafka.coordinator.group.GroupCoordinator)
[2023-05-14 09:28:47,232] INFO [GroupCoordinator 0]: Stabilized group dltGroup generation 1 (__consumer_offsets-5) with 1 members (kafka.coordinator.group.GroupCoordinator)
[2023-05-14 09:28:47,335] INFO [Controller id=0, targetBrokerId=0] Node 0 disconnected. (org.apache.kafka.clients.NetworkClient)
[2023-05-14 09:28:47,346] INFO [GroupCoordinator 0]: Assignment received from leader consumer-dltGroup-1-9f03b050-14b6-436e-b21c-265e1428b21a for group dltGroup for generation 1. The group has 1 members, 0 of which are static. (kafka.coordinator.group.GroupCoordinator)
[2023-05-14 09:28:47,371] INFO [ReplicaFetcherManager on broker 0] Removed fetcher for partitions Set(statistic.DLT-0) (kafka.server.ReplicaFetcherManager)
[2023-05-14 09:28:47,388] INFO [LogLoader partition=statistic.DLT-0, dir=/tmp/kafka-logs] Loading producer state till offset 0 with message format version 2 (kafka.log.UnifiedLog$)
[2023-05-14 09:28:47,398] INFO Created log for partition statistic.DLT-0 in /tmp/kafka-logs/statistic.DLT-0 with properties {} (kafka.log.LogManager)
[2023-05-14 09:28:47,399] INFO [Partition statistic.DLT-0 broker=0] No checkpointed highwatermark is found for partition statistic.DLT-0 (kafka.cluster.Partition)
[2023-05-14 09:28:47,399] INFO [Partition statistic.DLT-0 broker=0] Log loaded for partition statistic.DLT-0 with initial high watermark 0 (kafka.cluster.Partition)
[2023-05-14 09:28:47,449] INFO [GroupCoordinator 0]: Preparing to rebalance group dltGroup in state PreparingRebalance with old generation 1 (__consumer_offsets-5) (reason: Leader consumer-dltGroup-1-9f03b050-14b6-436e-b21c-265e1428b21a re-joining group during Stable; client reason: cached metadata has changed) (kafka.coordinator.group.GroupCoordinator)
[2023-05-14 09:28:47,449] INFO [GroupCoordinator 0]: Stabilized group dltGroup generation 2 (__consumer_offsets-5) with 1 members (kafka.coordinator.group.GroupCoordinator)
[2023-05-14 09:28:47,450] INFO [GroupCoordinator 0]: Assignment received from leader consumer-dltGroup-1-9f03b050-14b6-436e-b21c-265e1428b21a for group dltGroup for generation 2. The group has 1 members, 0 of which are static. (kafka.coordinator.group.GroupCoordinator)
[2023-05-14 09:29:42,448] INFO [GroupCoordinator 0]: Preparing to rebalance group dltGroup in state PreparingRebalance with old generation 2 (__consumer_offsets-5) (reason: Removing member consumer-dltGroup-1-9f03b050-14b6-436e-b21c-265e1428b21a on LeaveGroup; client reason: the consumer unsubscribed from all topics) (kafka.coordinator.group.GroupCoordinator)
[2023-05-14 09:29:42,449] INFO [GroupCoordinator 0]: Group dltGroup with generation 3 is now empty (__consumer_offsets-5) (kafka.coordinator.group.GroupCoordinator)
[2023-05-14 09:29:42,457] INFO [GroupCoordinator 0]: Member MemberMetadata(memberId=consumer-dltGroup-1-9f03b050-14b6-436e-b21c-265e1428b21a, groupInstanceId=None, clientId=consumer-dltGroup-1, clientHost=/127.0.0.1, sessionTimeoutMs=45000, rebalanceTimeoutMs=300000, supportedProtocols=List(range, cooperative-sticky)) has left group dltGroup through explicit `LeaveGroup`; client reason: the consumer unsubscribed from all topics (kafka.coordinator.group.GroupCoordinator)
[2023-05-14 09:29:42,505] INFO [GroupCoordinator 0]: Preparing to rebalance group statisticGroup in state PreparingRebalance with old generation 7 (__consumer_offsets-27) (reason: Removing member consumer-statisticGroup-2-410a711b-d49f-499b-9a01-ed313a5122e1 on LeaveGroup; client reason: the consumer unsubscribed from all topics) (kafka.coordinator.group.GroupCoordinator)
[2023-05-14 09:29:42,505] INFO [GroupCoordinator 0]: Group statisticGroup with generation 8 is now empty (__consumer_offsets-27) (kafka.coordinator.group.GroupCoordinator)
[2023-05-14 09:29:42,507] INFO [GroupCoordinator 0]: Member MemberMetadata(memberId=consumer-statisticGroup-2-410a711b-d49f-499b-9a01-ed313a5122e1, groupInstanceId=None, clientId=consumer-statisticGroup-2, clientHost=/127.0.0.1, sessionTimeoutMs=45000, rebalanceTimeoutMs=300000, supportedProtocols=List(range, cooperative-sticky)) has left group statisticGroup through explicit `LeaveGroup`; client reason: the consumer unsubscribed from all topics (kafka.coordinator.group.GroupCoordinator)
[2023-05-14 09:37:05,505] INFO [GroupMetadataManager brokerId=0] Group dltGroup transitioned to Dead in generation 3 (kafka.coordinator.group.GroupMetadataManager)
[2023-05-14 09:42:11,145] INFO Creating topic statistic-retry-16000 with configuration {} and initial partition assignment Map(0 -> ArrayBuffer(0)) (kafka.zk.AdminZkClient)
[2023-05-14 09:42:11,214] INFO Creating topic statistic-dlt with configuration {} and initial partition assignment Map(0 -> ArrayBuffer(0)) (kafka.zk.AdminZkClient)
[2023-05-14 09:42:11,244] INFO Creating topic statistic-retry-8000 with configuration {} and initial partition assignment Map(0 -> ArrayBuffer(0)) (kafka.zk.AdminZkClient)
[2023-05-14 09:42:11,255] INFO [Controller id=0, targetBrokerId=0] Node 0 disconnected. (org.apache.kafka.clients.NetworkClient)
[2023-05-14 09:42:11,258] INFO Creating topic statistic-retry-2000 with configuration {} and initial partition assignment Map(0 -> ArrayBuffer(0)) (kafka.zk.AdminZkClient)
[2023-05-14 09:42:11,272] INFO [ReplicaFetcherManager on broker 0] Removed fetcher for partitions Set(statistic-retry-16000-0) (kafka.server.ReplicaFetcherManager)
[2023-05-14 09:42:11,281] INFO Creating topic statistic-retry-4000 with configuration {} and initial partition assignment Map(0 -> ArrayBuffer(0)) (kafka.zk.AdminZkClient)
[2023-05-14 09:42:11,296] INFO [LogLoader partition=statistic-retry-16000-0, dir=/tmp/kafka-logs] Loading producer state till offset 0 with message format version 2 (kafka.log.UnifiedLog$)
[2023-05-14 09:42:11,302] INFO Created log for partition statistic-retry-16000-0 in /tmp/kafka-logs/statistic-retry-16000-0 with properties {} (kafka.log.LogManager)
[2023-05-14 09:42:11,309] INFO [Partition statistic-retry-16000-0 broker=0] No checkpointed highwatermark is found for partition statistic-retry-16000-0 (kafka.cluster.Partition)
[2023-05-14 09:42:11,338] INFO [Partition statistic-retry-16000-0 broker=0] Log loaded for partition statistic-retry-16000-0 with initial high watermark 0 (kafka.cluster.Partition)
[2023-05-14 09:42:11,425] INFO [ReplicaFetcherManager on broker 0] Removed fetcher for partitions Set(statistic-retry-8000-0, statistic-dlt-0) (kafka.server.ReplicaFetcherManager)
[2023-05-14 09:42:11,428] INFO [LogLoader partition=statistic-retry-8000-0, dir=/tmp/kafka-logs] Loading producer state till offset 0 with message format version 2 (kafka.log.UnifiedLog$)
[2023-05-14 09:42:11,429] INFO Created log for partition statistic-retry-8000-0 in /tmp/kafka-logs/statistic-retry-8000-0 with properties {} (kafka.log.LogManager)
[2023-05-14 09:42:11,429] INFO [Partition statistic-retry-8000-0 broker=0] No checkpointed highwatermark is found for partition statistic-retry-8000-0 (kafka.cluster.Partition)
[2023-05-14 09:42:11,432] INFO [Partition statistic-retry-8000-0 broker=0] Log loaded for partition statistic-retry-8000-0 with initial high watermark 0 (kafka.cluster.Partition)
[2023-05-14 09:42:11,438] INFO [LogLoader partition=statistic-dlt-0, dir=/tmp/kafka-logs] Loading producer state till offset 0 with message format version 2 (kafka.log.UnifiedLog$)
[2023-05-14 09:42:11,439] INFO Created log for partition statistic-dlt-0 in /tmp/kafka-logs/statistic-dlt-0 with properties {} (kafka.log.LogManager)
[2023-05-14 09:42:11,439] INFO [Partition statistic-dlt-0 broker=0] No checkpointed highwatermark is found for partition statistic-dlt-0 (kafka.cluster.Partition)
[2023-05-14 09:42:11,439] INFO [Partition statistic-dlt-0 broker=0] Log loaded for partition statistic-dlt-0 with initial high watermark 0 (kafka.cluster.Partition)
[2023-05-14 09:42:11,447] INFO [ReplicaFetcherManager on broker 0] Removed fetcher for partitions Set(statistic-retry-2000-0) (kafka.server.ReplicaFetcherManager)
[2023-05-14 09:42:11,450] INFO [LogLoader partition=statistic-retry-2000-0, dir=/tmp/kafka-logs] Loading producer state till offset 0 with message format version 2 (kafka.log.UnifiedLog$)
[2023-05-14 09:42:11,451] INFO Created log for partition statistic-retry-2000-0 in /tmp/kafka-logs/statistic-retry-2000-0 with properties {} (kafka.log.LogManager)
[2023-05-14 09:42:11,453] INFO [Partition statistic-retry-2000-0 broker=0] No checkpointed highwatermark is found for partition statistic-retry-2000-0 (kafka.cluster.Partition)
[2023-05-14 09:42:11,453] INFO [Partition statistic-retry-2000-0 broker=0] Log loaded for partition statistic-retry-2000-0 with initial high watermark 0 (kafka.cluster.Partition)
[2023-05-14 09:42:11,460] INFO [ReplicaFetcherManager on broker 0] Removed fetcher for partitions Set(statistic-retry-4000-0) (kafka.server.ReplicaFetcherManager)
[2023-05-14 09:42:11,462] INFO [LogLoader partition=statistic-retry-4000-0, dir=/tmp/kafka-logs] Loading producer state till offset 0 with message format version 2 (kafka.log.UnifiedLog$)
[2023-05-14 09:42:11,462] INFO Created log for partition statistic-retry-4000-0 in /tmp/kafka-logs/statistic-retry-4000-0 with properties {} (kafka.log.LogManager)
[2023-05-14 09:42:11,462] INFO [Partition statistic-retry-4000-0 broker=0] No checkpointed highwatermark is found for partition statistic-retry-4000-0 (kafka.cluster.Partition)
[2023-05-14 09:42:11,463] INFO [Partition statistic-retry-4000-0 broker=0] Log loaded for partition statistic-retry-4000-0 with initial high watermark 0 (kafka.cluster.Partition)
[2023-05-14 09:42:11,534] INFO [GroupCoordinator 0]: Dynamic member with unknown member id joins group statisticGroup-retry-8000 in Empty state. Created a new member id consumer-statisticGroup-retry-8000-1-ff1ba799-2300-437b-ba46-1584c066baae and request the member to rejoin with this id. (kafka.coordinator.group.GroupCoordinator)
[2023-05-14 09:42:11,534] INFO [GroupCoordinator 0]: Dynamic member with unknown member id joins group statisticGroup-retry-2000 in Empty state. Created a new member id consumer-statisticGroup-retry-2000-3-af5e3221-f7a9-4611-b7d5-8ce540c41df8 and request the member to rejoin with this id. (kafka.coordinator.group.GroupCoordinator)
[2023-05-14 09:42:11,534] INFO [GroupCoordinator 0]: Dynamic member with unknown member id joins group dltGroup in Empty state. Created a new member id consumer-dltGroup-2-fa6e500f-a5f5-4f2f-8b4b-b3316e40f8e3 and request the member to rejoin with this id. (kafka.coordinator.group.GroupCoordinator)
[2023-05-14 09:42:11,540] INFO [GroupCoordinator 0]: Preparing to rebalance group statisticGroup-retry-2000 in state PreparingRebalance with old generation 0 (__consumer_offsets-37) (reason: Adding new member consumer-statisticGroup-retry-2000-3-af5e3221-f7a9-4611-b7d5-8ce540c41df8 with group instance id None; client reason: rebalance failed due to MemberIdRequiredException) (kafka.coordinator.group.GroupCoordinator)
[2023-05-14 09:42:11,540] INFO [GroupCoordinator 0]: Preparing to rebalance group dltGroup in state PreparingRebalance with old generation 0 (__consumer_offsets-5) (reason: Adding new member consumer-dltGroup-2-fa6e500f-a5f5-4f2f-8b4b-b3316e40f8e3 with group instance id None; client reason: rebalance failed due to MemberIdRequiredException) (kafka.coordinator.group.GroupCoordinator)
[2023-05-14 09:42:11,540] INFO [GroupCoordinator 0]: Preparing to rebalance group statisticGroup-retry-8000 in state PreparingRebalance with old generation 0 (__consumer_offsets-41) (reason: Adding new member consumer-statisticGroup-retry-8000-1-ff1ba799-2300-437b-ba46-1584c066baae with group instance id None; client reason: rebalance failed due to MemberIdRequiredException) (kafka.coordinator.group.GroupCoordinator)
[2023-05-14 09:42:11,542] INFO [GroupCoordinator 0]: Stabilized group statisticGroup-retry-2000 generation 1 (__consumer_offsets-37) with 1 members (kafka.coordinator.group.GroupCoordinator)
[2023-05-14 09:42:11,543] INFO [GroupCoordinator 0]: Stabilized group dltGroup generation 1 (__consumer_offsets-5) with 1 members (kafka.coordinator.group.GroupCoordinator)
[2023-05-14 09:42:11,543] INFO [GroupCoordinator 0]: Stabilized group statisticGroup-retry-8000 generation 1 (__consumer_offsets-41) with 1 members (kafka.coordinator.group.GroupCoordinator)
[2023-05-14 09:42:11,551] INFO [GroupCoordinator 0]: Dynamic member with unknown member id joins group statisticGroup-retry-4000 in Empty state. Created a new member id consumer-statisticGroup-retry-4000-4-dde0073a-9eb4-4f83-b919-9221e7ea4dce and request the member to rejoin with this id. (kafka.coordinator.group.GroupCoordinator)
[2023-05-14 09:42:11,554] INFO [GroupCoordinator 0]: Dynamic member with unknown member id joins group statisticGroup-dlt in Empty state. Created a new member id consumer-statisticGroup-dlt-5-f5e11a76-3fd7-408e-8bce-af3b9117b5ae and request the member to rejoin with this id. (kafka.coordinator.group.GroupCoordinator)
[2023-05-14 09:42:11,555] INFO [GroupCoordinator 0]: Assignment received from leader consumer-statisticGroup-retry-2000-3-af5e3221-f7a9-4611-b7d5-8ce540c41df8 for group statisticGroup-retry-2000 for generation 1. The group has 1 members, 0 of which are static. (kafka.coordinator.group.GroupCoordinator)
[2023-05-14 09:42:11,556] INFO [GroupCoordinator 0]: Assignment received from leader consumer-statisticGroup-retry-8000-1-ff1ba799-2300-437b-ba46-1584c066baae for group statisticGroup-retry-8000 for generation 1. The group has 1 members, 0 of which are static. (kafka.coordinator.group.GroupCoordinator)
[2023-05-14 09:42:11,556] INFO [GroupCoordinator 0]: Assignment received from leader consumer-dltGroup-2-fa6e500f-a5f5-4f2f-8b4b-b3316e40f8e3 for group dltGroup for generation 1. The group has 1 members, 0 of which are static. (kafka.coordinator.group.GroupCoordinator)
[2023-05-14 09:42:11,557] INFO [GroupCoordinator 0]: Preparing to rebalance group statisticGroup-retry-4000 in state PreparingRebalance with old generation 0 (__consumer_offsets-5) (reason: Adding new member consumer-statisticGroup-retry-4000-4-dde0073a-9eb4-4f83-b919-9221e7ea4dce with group instance id None; client reason: rebalance failed due to MemberIdRequiredException) (kafka.coordinator.group.GroupCoordinator)
[2023-05-14 09:42:11,558] INFO [GroupCoordinator 0]: Preparing to rebalance group statisticGroup-dlt in state PreparingRebalance with old generation 0 (__consumer_offsets-42) (reason: Adding new member consumer-statisticGroup-dlt-5-f5e11a76-3fd7-408e-8bce-af3b9117b5ae with group instance id None; client reason: rebalance failed due to MemberIdRequiredException) (kafka.coordinator.group.GroupCoordinator)
[2023-05-14 09:42:11,558] INFO [GroupCoordinator 0]: Stabilized group statisticGroup-retry-4000 generation 1 (__consumer_offsets-5) with 1 members (kafka.coordinator.group.GroupCoordinator)
[2023-05-14 09:42:11,560] INFO [GroupCoordinator 0]: Stabilized group statisticGroup-dlt generation 1 (__consumer_offsets-42) with 1 members (kafka.coordinator.group.GroupCoordinator)
[2023-05-14 09:42:11,561] INFO [GroupCoordinator 0]: Dynamic member with unknown member id joins group statisticGroup in Empty state. Created a new member id consumer-statisticGroup-6-c13eae6e-0f7f-4693-9f16-9a425e8ace33 and request the member to rejoin with this id. (kafka.coordinator.group.GroupCoordinator)
[2023-05-14 09:42:11,561] INFO [GroupCoordinator 0]: Assignment received from leader consumer-statisticGroup-retry-4000-4-dde0073a-9eb4-4f83-b919-9221e7ea4dce for group statisticGroup-retry-4000 for generation 1. The group has 1 members, 0 of which are static. (kafka.coordinator.group.GroupCoordinator)
[2023-05-14 09:42:11,564] INFO [GroupCoordinator 0]: Assignment received from leader consumer-statisticGroup-dlt-5-f5e11a76-3fd7-408e-8bce-af3b9117b5ae for group statisticGroup-dlt for generation 1. The group has 1 members, 0 of which are static. (kafka.coordinator.group.GroupCoordinator)
[2023-05-14 09:42:11,567] INFO [GroupCoordinator 0]: Preparing to rebalance group statisticGroup in state PreparingRebalance with old generation 8 (__consumer_offsets-27) (reason: Adding new member consumer-statisticGroup-6-c13eae6e-0f7f-4693-9f16-9a425e8ace33 with group instance id None; client reason: rebalance failed due to MemberIdRequiredException) (kafka.coordinator.group.GroupCoordinator)
[2023-05-14 09:42:11,571] INFO [GroupCoordinator 0]: Dynamic member with unknown member id joins group statisticGroup-retry-16000 in Empty state. Created a new member id consumer-statisticGroup-retry-16000-7-cbe8ef73-3213-4bcd-a1c5-83aa982073c7 and request the member to rejoin with this id. (kafka.coordinator.group.GroupCoordinator)
[2023-05-14 09:42:11,574] INFO [GroupCoordinator 0]: Preparing to rebalance group statisticGroup-retry-16000 in state PreparingRebalance with old generation 0 (__consumer_offsets-32) (reason: Adding new member consumer-statisticGroup-retry-16000-7-cbe8ef73-3213-4bcd-a1c5-83aa982073c7 with group instance id None; client reason: rebalance failed due to MemberIdRequiredException) (kafka.coordinator.group.GroupCoordinator)
[2023-05-14 09:42:11,598] INFO [GroupCoordinator 0]: Stabilized group statisticGroup generation 9 (__consumer_offsets-27) with 1 members (kafka.coordinator.group.GroupCoordinator)
[2023-05-14 09:42:11,598] INFO [GroupCoordinator 0]: Stabilized group statisticGroup-retry-16000 generation 1 (__consumer_offsets-32) with 1 members (kafka.coordinator.group.GroupCoordinator)
[2023-05-14 09:42:11,600] INFO [GroupCoordinator 0]: Assignment received from leader consumer-statisticGroup-6-c13eae6e-0f7f-4693-9f16-9a425e8ace33 for group statisticGroup for generation 9. The group has 1 members, 0 of which are static. (kafka.coordinator.group.GroupCoordinator)
[2023-05-14 09:42:11,602] INFO [GroupCoordinator 0]: Assignment received from leader consumer-statisticGroup-retry-16000-7-cbe8ef73-3213-4bcd-a1c5-83aa982073c7 for group statisticGroup-retry-16000 for generation 1. The group has 1 members, 0 of which are static. (kafka.coordinator.group.GroupCoordinator)
[2023-05-14 09:42:26,003] INFO [GroupCoordinator 0]: Preparing to rebalance group statisticGroup-retry-4000 in state PreparingRebalance with old generation 1 (__consumer_offsets-5) (reason: Removing member consumer-statisticGroup-retry-4000-4-dde0073a-9eb4-4f83-b919-9221e7ea4dce on LeaveGroup; client reason: the consumer unsubscribed from all topics) (kafka.coordinator.group.GroupCoordinator)
[2023-05-14 09:42:26,003] INFO [GroupCoordinator 0]: Preparing to rebalance group statisticGroup-retry-16000 in state PreparingRebalance with old generation 1 (__consumer_offsets-32) (reason: Removing member consumer-statisticGroup-retry-16000-7-cbe8ef73-3213-4bcd-a1c5-83aa982073c7 on LeaveGroup; client reason: the consumer unsubscribed from all topics) (kafka.coordinator.group.GroupCoordinator)
[2023-05-14 09:42:26,003] INFO [GroupCoordinator 0]: Preparing to rebalance group statisticGroup-dlt in state PreparingRebalance with old generation 1 (__consumer_offsets-42) (reason: Removing member consumer-statisticGroup-dlt-5-f5e11a76-3fd7-408e-8bce-af3b9117b5ae on LeaveGroup; client reason: the consumer unsubscribed from all topics) (kafka.coordinator.group.GroupCoordinator)
[2023-05-14 09:42:26,004] INFO [GroupCoordinator 0]: Group statisticGroup-dlt with generation 2 is now empty (__consumer_offsets-42) (kafka.coordinator.group.GroupCoordinator)
[2023-05-14 09:42:26,004] INFO [GroupCoordinator 0]: Group statisticGroup-retry-16000 with generation 2 is now empty (__consumer_offsets-32) (kafka.coordinator.group.GroupCoordinator)
[2023-05-14 09:42:26,003] INFO [GroupCoordinator 0]: Preparing to rebalance group dltGroup in state PreparingRebalance with old generation 1 (__consumer_offsets-5) (reason: Removing member consumer-dltGroup-2-fa6e500f-a5f5-4f2f-8b4b-b3316e40f8e3 on LeaveGroup; client reason: the consumer unsubscribed from all topics) (kafka.coordinator.group.GroupCoordinator)
[2023-05-14 09:42:26,006] INFO [GroupCoordinator 0]: Group dltGroup with generation 2 is now empty (__consumer_offsets-5) (kafka.coordinator.group.GroupCoordinator)
[2023-05-14 09:42:26,003] INFO [GroupCoordinator 0]: Preparing to rebalance group statisticGroup-retry-8000 in state PreparingRebalance with old generation 1 (__consumer_offsets-41) (reason: Removing member consumer-statisticGroup-retry-8000-1-ff1ba799-2300-437b-ba46-1584c066baae on LeaveGroup; client reason: the consumer unsubscribed from all topics) (kafka.coordinator.group.GroupCoordinator)
[2023-05-14 09:42:26,007] INFO [GroupCoordinator 0]: Group statisticGroup-retry-8000 with generation 2 is now empty (__consumer_offsets-41) (kafka.coordinator.group.GroupCoordinator)
[2023-05-14 09:42:26,003] INFO [GroupCoordinator 0]: Preparing to rebalance group statisticGroup-retry-2000 in state PreparingRebalance with old generation 1 (__consumer_offsets-37) (reason: Removing member consumer-statisticGroup-retry-2000-3-af5e3221-f7a9-4611-b7d5-8ce540c41df8 on LeaveGroup; client reason: the consumer unsubscribed from all topics) (kafka.coordinator.group.GroupCoordinator)
[2023-05-14 09:42:26,009] INFO [GroupCoordinator 0]: Group statisticGroup-retry-2000 with generation 2 is now empty (__consumer_offsets-37) (kafka.coordinator.group.GroupCoordinator)
[2023-05-14 09:42:26,009] INFO [GroupCoordinator 0]: Member MemberMetadata(memberId=consumer-statisticGroup-retry-16000-7-cbe8ef73-3213-4bcd-a1c5-83aa982073c7, groupInstanceId=None, clientId=consumer-statisticGroup-retry-16000-7, clientHost=/127.0.0.1, sessionTimeoutMs=45000, rebalanceTimeoutMs=300000, supportedProtocols=List(range, cooperative-sticky)) has left group statisticGroup-retry-16000 through explicit `LeaveGroup`; client reason: the consumer unsubscribed from all topics (kafka.coordinator.group.GroupCoordinator)
[2023-05-14 09:42:26,009] INFO [GroupCoordinator 0]: Member MemberMetadata(memberId=consumer-statisticGroup-retry-8000-1-ff1ba799-2300-437b-ba46-1584c066baae, groupInstanceId=None, clientId=consumer-statisticGroup-retry-8000-1, clientHost=/127.0.0.1, sessionTimeoutMs=45000, rebalanceTimeoutMs=300000, supportedProtocols=List(range, cooperative-sticky)) has left group statisticGroup-retry-8000 through explicit `LeaveGroup`; client reason: the consumer unsubscribed from all topics (kafka.coordinator.group.GroupCoordinator)
[2023-05-14 09:42:26,009] INFO [GroupCoordinator 0]: Member MemberMetadata(memberId=consumer-statisticGroup-dlt-5-f5e11a76-3fd7-408e-8bce-af3b9117b5ae, groupInstanceId=None, clientId=consumer-statisticGroup-dlt-5, clientHost=/127.0.0.1, sessionTimeoutMs=45000, rebalanceTimeoutMs=300000, supportedProtocols=List(range, cooperative-sticky)) has left group statisticGroup-dlt through explicit `LeaveGroup`; client reason: the consumer unsubscribed from all topics (kafka.coordinator.group.GroupCoordinator)
[2023-05-14 09:42:26,009] INFO [GroupCoordinator 0]: Member MemberMetadata(memberId=consumer-dltGroup-2-fa6e500f-a5f5-4f2f-8b4b-b3316e40f8e3, groupInstanceId=None, clientId=consumer-dltGroup-2, clientHost=/127.0.0.1, sessionTimeoutMs=45000, rebalanceTimeoutMs=300000, supportedProtocols=List(range, cooperative-sticky)) has left group dltGroup through explicit `LeaveGroup`; client reason: the consumer unsubscribed from all topics (kafka.coordinator.group.GroupCoordinator)
[2023-05-14 09:42:26,004] INFO [GroupCoordinator 0]: Group statisticGroup-retry-4000 with generation 2 is now empty (__consumer_offsets-5) (kafka.coordinator.group.GroupCoordinator)
[2023-05-14 09:42:26,010] INFO [GroupCoordinator 0]: Member MemberMetadata(memberId=consumer-statisticGroup-retry-2000-3-af5e3221-f7a9-4611-b7d5-8ce540c41df8, groupInstanceId=None, clientId=consumer-statisticGroup-retry-2000-3, clientHost=/127.0.0.1, sessionTimeoutMs=45000, rebalanceTimeoutMs=300000, supportedProtocols=List(range, cooperative-sticky)) has left group statisticGroup-retry-2000 through explicit `LeaveGroup`; client reason: the consumer unsubscribed from all topics (kafka.coordinator.group.GroupCoordinator)
[2023-05-14 09:42:26,019] INFO [GroupCoordinator 0]: Member MemberMetadata(memberId=consumer-statisticGroup-retry-4000-4-dde0073a-9eb4-4f83-b919-9221e7ea4dce, groupInstanceId=None, clientId=consumer-statisticGroup-retry-4000-4, clientHost=/127.0.0.1, sessionTimeoutMs=45000, rebalanceTimeoutMs=300000, supportedProtocols=List(range, cooperative-sticky)) has left group statisticGroup-retry-4000 through explicit `LeaveGroup`; client reason: the consumer unsubscribed from all topics (kafka.coordinator.group.GroupCoordinator)
[2023-05-14 09:42:26,468] INFO [GroupCoordinator 0]: Preparing to rebalance group statisticGroup in state PreparingRebalance with old generation 9 (__consumer_offsets-27) (reason: Removing member consumer-statisticGroup-6-c13eae6e-0f7f-4693-9f16-9a425e8ace33 on LeaveGroup; client reason: the consumer unsubscribed from all topics) (kafka.coordinator.group.GroupCoordinator)
[2023-05-14 09:42:26,469] INFO [GroupCoordinator 0]: Group statisticGroup with generation 10 is now empty (__consumer_offsets-27) (kafka.coordinator.group.GroupCoordinator)
[2023-05-14 09:42:26,470] INFO [GroupCoordinator 0]: Member MemberMetadata(memberId=consumer-statisticGroup-6-c13eae6e-0f7f-4693-9f16-9a425e8ace33, groupInstanceId=None, clientId=consumer-statisticGroup-6, clientHost=/127.0.0.1, sessionTimeoutMs=45000, rebalanceTimeoutMs=300000, supportedProtocols=List(range, cooperative-sticky)) has left group statisticGroup through explicit `LeaveGroup`; client reason: the consumer unsubscribed from all topics (kafka.coordinator.group.GroupCoordinator)
[2023-05-14 09:43:56,177] INFO [GroupCoordinator 0]: Preparing to rebalance group notificationGroup in state PreparingRebalance with old generation 3 (__consumer_offsets-38) (reason: Removing member consumer-notificationGroup-1-464b5802-bb96-437e-9165-853e8831bb33 on LeaveGroup; client reason: the consumer unsubscribed from all topics) (kafka.coordinator.group.GroupCoordinator)
[2023-05-14 09:43:56,181] INFO [GroupCoordinator 0]: Group notificationGroup with generation 4 is now empty (__consumer_offsets-38) (kafka.coordinator.group.GroupCoordinator)
[2023-05-14 09:43:56,201] INFO [GroupCoordinator 0]: Member MemberMetadata(memberId=consumer-notificationGroup-1-464b5802-bb96-437e-9165-853e8831bb33, groupInstanceId=None, clientId=consumer-notificationGroup-1, clientHost=/127.0.0.1, sessionTimeoutMs=45000, rebalanceTimeoutMs=300000, supportedProtocols=List(range, cooperative-sticky)) has left group notificationGroup through explicit `LeaveGroup`; client reason: the consumer unsubscribed from all topics (kafka.coordinator.group.GroupCoordinator)
[2023-05-14 09:47:05,488] INFO [GroupMetadataManager brokerId=0] Group statisticGroup-retry-8000 transitioned to Dead in generation 2 (kafka.coordinator.group.GroupMetadataManager)
[2023-05-14 09:47:05,575] INFO [GroupMetadataManager brokerId=0] Group dltGroup transitioned to Dead in generation 2 (kafka.coordinator.group.GroupMetadataManager)
[2023-05-14 09:47:05,576] INFO [GroupMetadataManager brokerId=0] Group statisticGroup-retry-2000 transitioned to Dead in generation 2 (kafka.coordinator.group.GroupMetadataManager)
[2023-05-14 09:47:05,576] INFO [GroupMetadataManager brokerId=0] Group statisticGroup-retry-4000 transitioned to Dead in generation 2 (kafka.coordinator.group.GroupMetadataManager)
[2023-05-14 09:47:05,577] INFO [GroupMetadataManager brokerId=0] Group statisticGroup-dlt transitioned to Dead in generation 2 (kafka.coordinator.group.GroupMetadataManager)
[2023-05-14 09:47:05,578] INFO [GroupMetadataManager brokerId=0] Group statisticGroup-retry-16000 transitioned to Dead in generation 2 (kafka.coordinator.group.GroupMetadataManager)
[2023-05-14 09:53:38,148] WARN Session 0x100041f266b0000 for sever localhost/127.0.0.1:2181, Closing socket connection. Attempting reconnect except it is a SessionExpiredException. (org.apache.zookeeper.ClientCnxn)
EndOfStreamException: Unable to read additional data from server sessionid 0x100041f266b0000, likely server has closed socket
	at org.apache.zookeeper.ClientCnxnSocketNIO.doIO(ClientCnxnSocketNIO.java:77)
	at org.apache.zookeeper.ClientCnxnSocketNIO.doTransport(ClientCnxnSocketNIO.java:350)
	at org.apache.zookeeper.ClientCnxn$SendThread.run(ClientCnxn.java:1290)
[2023-05-14 09:53:39,712] INFO Opening socket connection to server localhost/127.0.0.1:2181. (org.apache.zookeeper.ClientCnxn)
[2023-05-14 09:53:39,719] WARN Session 0x100041f266b0000 for sever localhost/127.0.0.1:2181, Closing socket connection. Attempting reconnect except it is a SessionExpiredException. (org.apache.zookeeper.ClientCnxn)
java.net.ConnectException: Connection refused
	at java.base/sun.nio.ch.Net.pollConnect(Native Method)
	at java.base/sun.nio.ch.Net.pollConnectNow(Net.java:672)
	at java.base/sun.nio.ch.SocketChannelImpl.finishConnect(SocketChannelImpl.java:973)
	at org.apache.zookeeper.ClientCnxnSocketNIO.doTransport(ClientCnxnSocketNIO.java:344)
	at org.apache.zookeeper.ClientCnxn$SendThread.run(ClientCnxn.java:1290)
[2023-05-14 09:53:41,244] INFO Opening socket connection to server localhost/[0:0:0:0:0:0:0:1]:2181. (org.apache.zookeeper.ClientCnxn)
[2023-05-14 09:53:41,267] WARN Session 0x100041f266b0000 for sever localhost/[0:0:0:0:0:0:0:1]:2181, Closing socket connection. Attempting reconnect except it is a SessionExpiredException. (org.apache.zookeeper.ClientCnxn)
java.net.ConnectException: Connection refused
	at java.base/sun.nio.ch.Net.pollConnect(Native Method)
	at java.base/sun.nio.ch.Net.pollConnectNow(Net.java:672)
	at java.base/sun.nio.ch.SocketChannelImpl.finishConnect(SocketChannelImpl.java:973)
	at org.apache.zookeeper.ClientCnxnSocketNIO.doTransport(ClientCnxnSocketNIO.java:344)
	at org.apache.zookeeper.ClientCnxn$SendThread.run(ClientCnxn.java:1290)
[2023-05-14 09:53:41,636] INFO Terminating process due to signal SIGINT (org.apache.kafka.common.utils.LoggingSignalHandler)
[2023-05-14 09:53:41,678] INFO [KafkaServer id=0] shutting down (kafka.server.KafkaServer)
[2023-05-14 09:53:41,685] INFO [KafkaServer id=0] Starting controlled shutdown (kafka.server.KafkaServer)
[2023-05-14 09:53:41,803] INFO [KafkaServer id=0] Controlled shutdown request returned successfully after 89ms (kafka.server.KafkaServer)
[2023-05-14 09:53:41,819] INFO [/config/changes-event-process-thread]: Shutting down (kafka.common.ZkNodeChangeNotificationListener$ChangeEventProcessThread)
[2023-05-14 09:53:41,820] INFO [/config/changes-event-process-thread]: Stopped (kafka.common.ZkNodeChangeNotificationListener$ChangeEventProcessThread)
[2023-05-14 09:53:41,820] INFO [/config/changes-event-process-thread]: Shutdown completed (kafka.common.ZkNodeChangeNotificationListener$ChangeEventProcessThread)
[2023-05-14 09:53:41,824] INFO [SocketServer listenerType=ZK_BROKER, nodeId=0] Stopping socket server request processors (kafka.network.SocketServer)
[2023-05-14 09:53:41,835] INFO [SocketServer listenerType=ZK_BROKER, nodeId=0] Stopped socket server request processors (kafka.network.SocketServer)
[2023-05-14 09:53:41,836] INFO [data-plane Kafka Request Handler on Broker 0], shutting down (kafka.server.KafkaRequestHandlerPool)
[2023-05-14 09:53:41,840] INFO [data-plane Kafka Request Handler on Broker 0], shut down completely (kafka.server.KafkaRequestHandlerPool)
[2023-05-14 09:53:41,845] INFO [ExpirationReaper-0-AlterAcls]: Shutting down (kafka.server.DelayedOperationPurgatory$ExpiredOperationReaper)
[2023-05-14 09:53:41,852] INFO [ExpirationReaper-0-AlterAcls]: Stopped (kafka.server.DelayedOperationPurgatory$ExpiredOperationReaper)
[2023-05-14 09:53:41,852] INFO [ExpirationReaper-0-AlterAcls]: Shutdown completed (kafka.server.DelayedOperationPurgatory$ExpiredOperationReaper)
[2023-05-14 09:53:41,853] INFO [KafkaApi-0] Shutdown complete. (kafka.server.KafkaApis)
[2023-05-14 09:53:41,857] INFO [ExpirationReaper-0-topic]: Shutting down (kafka.server.DelayedOperationPurgatory$ExpiredOperationReaper)
[2023-05-14 09:53:41,860] INFO [ExpirationReaper-0-topic]: Shutdown completed (kafka.server.DelayedOperationPurgatory$ExpiredOperationReaper)
[2023-05-14 09:53:41,860] INFO [ExpirationReaper-0-topic]: Stopped (kafka.server.DelayedOperationPurgatory$ExpiredOperationReaper)
[2023-05-14 09:53:41,866] INFO [TransactionCoordinator id=0] Shutting down. (kafka.coordinator.transaction.TransactionCoordinator)
[2023-05-14 09:53:41,868] INFO [Transaction State Manager 0]: Shutdown complete (kafka.coordinator.transaction.TransactionStateManager)
[2023-05-14 09:53:41,868] INFO [Transaction Marker Channel Manager 0]: Shutting down (kafka.coordinator.transaction.TransactionMarkerChannelManager)
[2023-05-14 09:53:41,868] INFO [Transaction Marker Channel Manager 0]: Stopped (kafka.coordinator.transaction.TransactionMarkerChannelManager)
[2023-05-14 09:53:41,868] INFO [Transaction Marker Channel Manager 0]: Shutdown completed (kafka.coordinator.transaction.TransactionMarkerChannelManager)
[2023-05-14 09:53:41,869] INFO [TransactionCoordinator id=0] Shutdown complete. (kafka.coordinator.transaction.TransactionCoordinator)
[2023-05-14 09:53:41,872] INFO [GroupCoordinator 0]: Shutting down. (kafka.coordinator.group.GroupCoordinator)
[2023-05-14 09:53:41,876] INFO [ExpirationReaper-0-Heartbeat]: Shutting down (kafka.server.DelayedOperationPurgatory$ExpiredOperationReaper)
[2023-05-14 09:53:41,879] INFO [ExpirationReaper-0-Heartbeat]: Stopped (kafka.server.DelayedOperationPurgatory$ExpiredOperationReaper)
[2023-05-14 09:53:41,879] INFO [ExpirationReaper-0-Heartbeat]: Shutdown completed (kafka.server.DelayedOperationPurgatory$ExpiredOperationReaper)
[2023-05-14 09:53:41,881] INFO [ExpirationReaper-0-Rebalance]: Shutting down (kafka.server.DelayedOperationPurgatory$ExpiredOperationReaper)
[2023-05-14 09:53:41,881] INFO [ExpirationReaper-0-Rebalance]: Stopped (kafka.server.DelayedOperationPurgatory$ExpiredOperationReaper)
[2023-05-14 09:53:41,881] INFO [ExpirationReaper-0-Rebalance]: Shutdown completed (kafka.server.DelayedOperationPurgatory$ExpiredOperationReaper)
[2023-05-14 09:53:41,884] INFO [GroupCoordinator 0]: Shutdown complete. (kafka.coordinator.group.GroupCoordinator)
[2023-05-14 09:53:41,888] INFO [ReplicaManager broker=0] Shutting down (kafka.server.ReplicaManager)
[2023-05-14 09:53:41,888] INFO [LogDirFailureHandler]: Shutting down (kafka.server.ReplicaManager$LogDirFailureHandler)
[2023-05-14 09:53:41,888] INFO [LogDirFailureHandler]: Stopped (kafka.server.ReplicaManager$LogDirFailureHandler)
[2023-05-14 09:53:41,888] INFO [LogDirFailureHandler]: Shutdown completed (kafka.server.ReplicaManager$LogDirFailureHandler)
[2023-05-14 09:53:41,890] INFO [ReplicaFetcherManager on broker 0] shutting down (kafka.server.ReplicaFetcherManager)
[2023-05-14 09:53:41,892] INFO [ReplicaFetcherManager on broker 0] shutdown completed (kafka.server.ReplicaFetcherManager)
[2023-05-14 09:53:41,893] INFO [ReplicaAlterLogDirsManager on broker 0] shutting down (kafka.server.ReplicaAlterLogDirsManager)
[2023-05-14 09:53:41,893] INFO [ReplicaAlterLogDirsManager on broker 0] shutdown completed (kafka.server.ReplicaAlterLogDirsManager)
[2023-05-14 09:53:41,893] INFO [ExpirationReaper-0-Fetch]: Shutting down (kafka.server.DelayedOperationPurgatory$ExpiredOperationReaper)
[2023-05-14 09:53:41,893] INFO [ExpirationReaper-0-Fetch]: Stopped (kafka.server.DelayedOperationPurgatory$ExpiredOperationReaper)
[2023-05-14 09:53:41,893] INFO [ExpirationReaper-0-Fetch]: Shutdown completed (kafka.server.DelayedOperationPurgatory$ExpiredOperationReaper)
[2023-05-14 09:53:41,894] INFO [ExpirationReaper-0-Produce]: Shutting down (kafka.server.DelayedOperationPurgatory$ExpiredOperationReaper)
[2023-05-14 09:53:41,895] INFO [ExpirationReaper-0-Produce]: Stopped (kafka.server.DelayedOperationPurgatory$ExpiredOperationReaper)
[2023-05-14 09:53:41,895] INFO [ExpirationReaper-0-Produce]: Shutdown completed (kafka.server.DelayedOperationPurgatory$ExpiredOperationReaper)
[2023-05-14 09:53:41,896] INFO [ExpirationReaper-0-DeleteRecords]: Shutting down (kafka.server.DelayedOperationPurgatory$ExpiredOperationReaper)
[2023-05-14 09:53:41,898] INFO [ExpirationReaper-0-DeleteRecords]: Stopped (kafka.server.DelayedOperationPurgatory$ExpiredOperationReaper)
[2023-05-14 09:53:41,898] INFO [ExpirationReaper-0-DeleteRecords]: Shutdown completed (kafka.server.DelayedOperationPurgatory$ExpiredOperationReaper)
[2023-05-14 09:53:41,898] INFO [ExpirationReaper-0-ElectLeader]: Shutting down (kafka.server.DelayedOperationPurgatory$ExpiredOperationReaper)
[2023-05-14 09:53:41,899] INFO [ExpirationReaper-0-ElectLeader]: Stopped (kafka.server.DelayedOperationPurgatory$ExpiredOperationReaper)
[2023-05-14 09:53:41,899] INFO [ExpirationReaper-0-ElectLeader]: Shutdown completed (kafka.server.DelayedOperationPurgatory$ExpiredOperationReaper)
[2023-05-14 09:53:42,184] INFO [ReplicaManager broker=0] Shut down completely (kafka.server.ReplicaManager)
[2023-05-14 09:53:42,186] INFO [BrokerToControllerChannelManager broker=0 name=alterPartition]: Shutting down (kafka.server.BrokerToControllerRequestThread)
[2023-05-14 09:53:42,187] INFO [BrokerToControllerChannelManager broker=0 name=alterPartition]: Stopped (kafka.server.BrokerToControllerRequestThread)
[2023-05-14 09:53:42,187] INFO [BrokerToControllerChannelManager broker=0 name=alterPartition]: Shutdown completed (kafka.server.BrokerToControllerRequestThread)
[2023-05-14 09:53:42,191] INFO Broker to controller channel manager for alterPartition shutdown (kafka.server.BrokerToControllerChannelManagerImpl)
[2023-05-14 09:53:42,191] INFO [BrokerToControllerChannelManager broker=0 name=forwarding]: Shutting down (kafka.server.BrokerToControllerRequestThread)
[2023-05-14 09:53:42,191] INFO [BrokerToControllerChannelManager broker=0 name=forwarding]: Stopped (kafka.server.BrokerToControllerRequestThread)
[2023-05-14 09:53:42,191] INFO [BrokerToControllerChannelManager broker=0 name=forwarding]: Shutdown completed (kafka.server.BrokerToControllerRequestThread)
[2023-05-14 09:53:42,191] INFO Broker to controller channel manager for forwarding shutdown (kafka.server.BrokerToControllerChannelManagerImpl)
[2023-05-14 09:53:42,191] INFO Shutting down. (kafka.log.LogManager)
[2023-05-14 09:53:42,695] INFO [ProducerStateManager partition=__consumer_offsets-41] Wrote producer snapshot at offset 3 with 0 producer ids in 6 ms. (kafka.log.ProducerStateManager)
[2023-05-14 09:53:42,704] INFO [ProducerStateManager partition=__consumer_offsets-37] Wrote producer snapshot at offset 3 with 0 producer ids in 3 ms. (kafka.log.ProducerStateManager)
[2023-05-14 09:53:42,730] INFO [ProducerStateManager partition=__consumer_offsets-27] Wrote producer snapshot at offset 13 with 0 producer ids in 3 ms. (kafka.log.ProducerStateManager)
[2023-05-14 09:53:42,754] INFO [ProducerStateManager partition=__consumer_offsets-32] Wrote producer snapshot at offset 3 with 0 producer ids in 10 ms. (kafka.log.ProducerStateManager)
[2023-05-14 09:53:42,813] INFO [ProducerStateManager partition=notification-0] Wrote producer snapshot at offset 2 with 1 producer ids in 3 ms. (kafka.log.ProducerStateManager)
[2023-05-14 09:53:42,882] INFO [ProducerStateManager partition=notification-1] Wrote producer snapshot at offset 4 with 2 producer ids in 4 ms. (kafka.log.ProducerStateManager)
[2023-05-14 09:53:42,895] INFO [ProducerStateManager partition=statistic-0] Wrote producer snapshot at offset 6 with 3 producer ids in 2 ms. (kafka.log.ProducerStateManager)
[2023-05-14 09:53:42,901] INFO [ProducerStateManager partition=__consumer_offsets-42] Wrote producer snapshot at offset 3 with 0 producer ids in 2 ms. (kafka.log.ProducerStateManager)
[2023-05-14 09:53:42,918] INFO [ProducerStateManager partition=__consumer_offsets-4] Wrote producer snapshot at offset 3 with 0 producer ids in 4 ms. (kafka.log.ProducerStateManager)
[2023-05-14 09:53:42,935] INFO [ProducerStateManager partition=__consumer_offsets-5] Wrote producer snapshot at offset 10 with 0 producer ids in 5 ms. (kafka.log.ProducerStateManager)
[2023-05-14 09:53:42,969] INFO [ProducerStateManager partition=__consumer_offsets-38] Wrote producer snapshot at offset 9 with 0 producer ids in 4 ms. (kafka.log.ProducerStateManager)
[2023-05-14 09:53:43,007] INFO Shutdown complete. (kafka.log.LogManager)
[2023-05-14 09:53:43,012] INFO [feature-zk-node-event-process-thread]: Shutting down (kafka.server.FinalizedFeatureChangeListener$ChangeNotificationProcessorThread)
[2023-05-14 09:53:43,012] INFO [feature-zk-node-event-process-thread]: Stopped (kafka.server.FinalizedFeatureChangeListener$ChangeNotificationProcessorThread)
[2023-05-14 09:53:43,012] INFO [feature-zk-node-event-process-thread]: Shutdown completed (kafka.server.FinalizedFeatureChangeListener$ChangeNotificationProcessorThread)
[2023-05-14 09:53:43,013] INFO [ZooKeeperClient Kafka server] Closing. (kafka.zookeeper.ZooKeeperClient)
[2023-05-14 09:53:43,202] INFO Opening socket connection to server localhost/[0:0:0:0:0:0:0:1]:2181. (org.apache.zookeeper.ClientCnxn)
[2023-05-14 09:53:43,206] WARN An exception was thrown while closing send thread for session 0x100041f266b0000. (org.apache.zookeeper.ClientCnxn)
java.net.ConnectException: Connection refused
	at java.base/sun.nio.ch.Net.pollConnect(Native Method)
	at java.base/sun.nio.ch.Net.pollConnectNow(Net.java:672)
	at java.base/sun.nio.ch.SocketChannelImpl.finishConnect(SocketChannelImpl.java:973)
	at org.apache.zookeeper.ClientCnxnSocketNIO.doTransport(ClientCnxnSocketNIO.java:344)
	at org.apache.zookeeper.ClientCnxn$SendThread.run(ClientCnxn.java:1290)
[2023-05-14 09:53:43,322] INFO Session: 0x100041f266b0000 closed (org.apache.zookeeper.ZooKeeper)
[2023-05-14 09:53:43,322] INFO EventThread shut down for session: 0x100041f266b0000 (org.apache.zookeeper.ClientCnxn)
[2023-05-14 09:53:43,324] INFO [ZooKeeperClient Kafka server] Closed. (kafka.zookeeper.ZooKeeperClient)
[2023-05-14 09:53:43,324] INFO [ThrottledChannelReaper-Fetch]: Shutting down (kafka.server.ClientQuotaManager$ThrottledChannelReaper)
[2023-05-14 09:53:43,327] INFO [ThrottledChannelReaper-Fetch]: Stopped (kafka.server.ClientQuotaManager$ThrottledChannelReaper)
[2023-05-14 09:53:43,327] INFO [ThrottledChannelReaper-Fetch]: Shutdown completed (kafka.server.ClientQuotaManager$ThrottledChannelReaper)
[2023-05-14 09:53:43,328] INFO [ThrottledChannelReaper-Produce]: Shutting down (kafka.server.ClientQuotaManager$ThrottledChannelReaper)
[2023-05-14 09:53:43,328] INFO [ThrottledChannelReaper-Produce]: Stopped (kafka.server.ClientQuotaManager$ThrottledChannelReaper)
[2023-05-14 09:53:43,328] INFO [ThrottledChannelReaper-Produce]: Shutdown completed (kafka.server.ClientQuotaManager$ThrottledChannelReaper)
[2023-05-14 09:53:43,328] INFO [ThrottledChannelReaper-Request]: Shutting down (kafka.server.ClientQuotaManager$ThrottledChannelReaper)
[2023-05-14 09:53:43,328] INFO [ThrottledChannelReaper-Request]: Stopped (kafka.server.ClientQuotaManager$ThrottledChannelReaper)
[2023-05-14 09:53:43,328] INFO [ThrottledChannelReaper-Request]: Shutdown completed (kafka.server.ClientQuotaManager$ThrottledChannelReaper)
[2023-05-14 09:53:43,328] INFO [ThrottledChannelReaper-ControllerMutation]: Shutting down (kafka.server.ClientQuotaManager$ThrottledChannelReaper)
[2023-05-14 09:53:43,328] INFO [ThrottledChannelReaper-ControllerMutation]: Stopped (kafka.server.ClientQuotaManager$ThrottledChannelReaper)
[2023-05-14 09:53:43,328] INFO [ThrottledChannelReaper-ControllerMutation]: Shutdown completed (kafka.server.ClientQuotaManager$ThrottledChannelReaper)
[2023-05-14 09:53:43,329] INFO [SocketServer listenerType=ZK_BROKER, nodeId=0] Shutting down socket server (kafka.network.SocketServer)
[2023-05-14 09:53:43,351] INFO [SocketServer listenerType=ZK_BROKER, nodeId=0] Shutdown completed (kafka.network.SocketServer)
[2023-05-14 09:53:43,352] INFO Metrics scheduler closed (org.apache.kafka.common.metrics.Metrics)
[2023-05-14 09:53:43,352] INFO Closing reporter org.apache.kafka.common.metrics.JmxReporter (org.apache.kafka.common.metrics.Metrics)
[2023-05-14 09:53:43,352] INFO Metrics reporters closed (org.apache.kafka.common.metrics.Metrics)
[2023-05-14 09:53:43,352] INFO Broker and topic stats closed (kafka.server.BrokerTopicStats)
[2023-05-14 09:53:43,353] INFO App info kafka.server for 0 unregistered (org.apache.kafka.common.utils.AppInfoParser)
[2023-05-14 09:53:43,353] INFO [KafkaServer id=0] shut down completed (kafka.server.KafkaServer)
