[2023-05-14 09:28:47,245] INFO [Controller id=0 epoch=2] Changed partition statistic.DLT-0 state from NonExistentPartition to NewPartition with assigned replicas 0 (state.change.logger)
[2023-05-14 09:28:47,252] INFO [Controller id=0 epoch=2] Sending UpdateMetadata request to brokers Set() for 0 partitions (state.change.logger)
[2023-05-14 09:28:47,254] INFO [Controller id=0 epoch=2] Sending UpdateMetadata request to brokers Set() for 0 partitions (state.change.logger)
[2023-05-14 09:28:47,302] INFO [Controller id=0 epoch=2] Changed partition statistic.DLT-0 from NewPartition to OnlinePartition with state LeaderAndIsr(leader=0, leaderEpoch=0, isr=List(0), leaderRecoveryState=RECOVERED, partitionEpoch=0) (state.change.logger)
[2023-05-14 09:28:47,305] INFO [Controller id=0 epoch=2] Sending LeaderAndIsr request to broker 0 with 1 become-leader and 0 become-follower partitions (state.change.logger)
[2023-05-14 09:28:47,321] INFO [Controller id=0 epoch=2] Sending UpdateMetadata request to brokers Set(0) for 1 partitions (state.change.logger)
[2023-05-14 09:28:47,335] INFO [Controller id=0 epoch=2] Sending UpdateMetadata request to brokers Set() for 0 partitions (state.change.logger)
[2023-05-14 09:28:47,368] INFO [Broker id=0] Handling LeaderAndIsr request correlationId 6 from controller 0 for 1 partitions (state.change.logger)
[2023-05-14 09:28:47,372] INFO [Broker id=0] Stopped fetchers as part of LeaderAndIsr request correlationId 6 from controller 0 epoch 2 as part of the become-leader transition for 1 partitions (state.change.logger)
[2023-05-14 09:28:47,399] INFO [Broker id=0] Leader statistic.DLT-0 with topic id Some(zPjA_fraRyuQli36ZvftEQ) starts at leader epoch 0 from offset 0 with partition epoch 0, high watermark 0, ISR [0], adding replicas [] and removing replicas []. Previous leader epoch was -1. (state.change.logger)
[2023-05-14 09:28:47,406] INFO [Broker id=0] Finished LeaderAndIsr request in 39ms correlationId 6 from controller 0 for 1 partitions (state.change.logger)
[2023-05-14 09:28:47,408] INFO [Broker id=0] Add 1 partitions and deleted 0 partitions from metadata cache in response to UpdateMetadata request sent by controller 0 epoch 2 with correlation id 7 (state.change.logger)
[2023-05-14 09:42:11,216] INFO [Controller id=0 epoch=2] Changed partition statistic-retry-16000-0 state from NonExistentPartition to NewPartition with assigned replicas 0 (state.change.logger)
[2023-05-14 09:42:11,232] INFO [Controller id=0 epoch=2] Sending UpdateMetadata request to brokers Set() for 0 partitions (state.change.logger)
[2023-05-14 09:42:11,233] INFO [Controller id=0 epoch=2] Sending UpdateMetadata request to brokers Set() for 0 partitions (state.change.logger)
[2023-05-14 09:42:11,249] INFO [Controller id=0 epoch=2] Changed partition statistic-retry-16000-0 from NewPartition to OnlinePartition with state LeaderAndIsr(leader=0, leaderEpoch=0, isr=List(0), leaderRecoveryState=RECOVERED, partitionEpoch=0) (state.change.logger)
[2023-05-14 09:42:11,252] INFO [Controller id=0 epoch=2] Sending LeaderAndIsr request to broker 0 with 1 become-leader and 0 become-follower partitions (state.change.logger)
[2023-05-14 09:42:11,253] INFO [Controller id=0 epoch=2] Sending UpdateMetadata request to brokers Set(0) for 1 partitions (state.change.logger)
[2023-05-14 09:42:11,257] INFO [Controller id=0 epoch=2] Sending UpdateMetadata request to brokers Set() for 0 partitions (state.change.logger)
[2023-05-14 09:42:11,262] INFO [Controller id=0 epoch=2] Changed partition statistic-dlt-0 state from NonExistentPartition to NewPartition with assigned replicas 0 (state.change.logger)
[2023-05-14 09:42:11,262] INFO [Controller id=0 epoch=2] Changed partition statistic-retry-8000-0 state from NonExistentPartition to NewPartition with assigned replicas 0 (state.change.logger)
[2023-05-14 09:42:11,262] INFO [Controller id=0 epoch=2] Sending UpdateMetadata request to brokers Set() for 0 partitions (state.change.logger)
[2023-05-14 09:42:11,262] INFO [Controller id=0 epoch=2] Sending UpdateMetadata request to brokers Set() for 0 partitions (state.change.logger)
[2023-05-14 09:42:11,266] INFO [Broker id=0] Handling LeaderAndIsr request correlationId 8 from controller 0 for 1 partitions (state.change.logger)
[2023-05-14 09:42:11,272] INFO [Broker id=0] Stopped fetchers as part of LeaderAndIsr request correlationId 8 from controller 0 epoch 2 as part of the become-leader transition for 1 partitions (state.change.logger)
[2023-05-14 09:42:11,279] INFO [Controller id=0 epoch=2] Changed partition statistic-dlt-0 from NewPartition to OnlinePartition with state LeaderAndIsr(leader=0, leaderEpoch=0, isr=List(0), leaderRecoveryState=RECOVERED, partitionEpoch=0) (state.change.logger)
[2023-05-14 09:42:11,279] INFO [Controller id=0 epoch=2] Changed partition statistic-retry-8000-0 from NewPartition to OnlinePartition with state LeaderAndIsr(leader=0, leaderEpoch=0, isr=List(0), leaderRecoveryState=RECOVERED, partitionEpoch=0) (state.change.logger)
[2023-05-14 09:42:11,279] INFO [Controller id=0 epoch=2] Sending LeaderAndIsr request to broker 0 with 2 become-leader and 0 become-follower partitions (state.change.logger)
[2023-05-14 09:42:11,279] INFO [Controller id=0 epoch=2] Sending UpdateMetadata request to brokers Set(0) for 2 partitions (state.change.logger)
[2023-05-14 09:42:11,279] INFO [Controller id=0 epoch=2] Sending UpdateMetadata request to brokers Set() for 0 partitions (state.change.logger)
[2023-05-14 09:42:11,281] INFO [Controller id=0 epoch=2] Changed partition statistic-retry-2000-0 state from NonExistentPartition to NewPartition with assigned replicas 0 (state.change.logger)
[2023-05-14 09:42:11,281] INFO [Controller id=0 epoch=2] Sending UpdateMetadata request to brokers Set() for 0 partitions (state.change.logger)
[2023-05-14 09:42:11,281] INFO [Controller id=0 epoch=2] Sending UpdateMetadata request to brokers Set() for 0 partitions (state.change.logger)
[2023-05-14 09:42:11,307] INFO [Controller id=0 epoch=2] Changed partition statistic-retry-2000-0 from NewPartition to OnlinePartition with state LeaderAndIsr(leader=0, leaderEpoch=0, isr=List(0), leaderRecoveryState=RECOVERED, partitionEpoch=0) (state.change.logger)
[2023-05-14 09:42:11,339] INFO [Controller id=0 epoch=2] Sending LeaderAndIsr request to broker 0 with 1 become-leader and 0 become-follower partitions (state.change.logger)
[2023-05-14 09:42:11,339] INFO [Broker id=0] Leader statistic-retry-16000-0 with topic id Some(n23BwV8YQ6GnXQdrU9R32A) starts at leader epoch 0 from offset 0 with partition epoch 0, high watermark 0, ISR [0], adding replicas [] and removing replicas []. Previous leader epoch was -1. (state.change.logger)
[2023-05-14 09:42:11,339] INFO [Controller id=0 epoch=2] Sending UpdateMetadata request to brokers Set(0) for 1 partitions (state.change.logger)
[2023-05-14 09:42:11,339] INFO [Controller id=0 epoch=2] Sending UpdateMetadata request to brokers Set() for 0 partitions (state.change.logger)
[2023-05-14 09:42:11,340] INFO [Controller id=0 epoch=2] Changed partition statistic-retry-4000-0 state from NonExistentPartition to NewPartition with assigned replicas 0 (state.change.logger)
[2023-05-14 09:42:11,340] INFO [Controller id=0 epoch=2] Sending UpdateMetadata request to brokers Set() for 0 partitions (state.change.logger)
[2023-05-14 09:42:11,340] INFO [Controller id=0 epoch=2] Sending UpdateMetadata request to brokers Set() for 0 partitions (state.change.logger)
[2023-05-14 09:42:11,416] INFO [Broker id=0] Finished LeaderAndIsr request in 152ms correlationId 8 from controller 0 for 1 partitions (state.change.logger)
[2023-05-14 09:42:11,422] INFO [Broker id=0] Add 1 partitions and deleted 0 partitions from metadata cache in response to UpdateMetadata request sent by controller 0 epoch 2 with correlation id 9 (state.change.logger)
[2023-05-14 09:42:11,423] INFO [Controller id=0 epoch=2] Changed partition statistic-retry-4000-0 from NewPartition to OnlinePartition with state LeaderAndIsr(leader=0, leaderEpoch=0, isr=List(0), leaderRecoveryState=RECOVERED, partitionEpoch=0) (state.change.logger)
[2023-05-14 09:42:11,423] INFO [Controller id=0 epoch=2] Sending LeaderAndIsr request to broker 0 with 1 become-leader and 0 become-follower partitions (state.change.logger)
[2023-05-14 09:42:11,423] INFO [Controller id=0 epoch=2] Sending UpdateMetadata request to brokers Set(0) for 1 partitions (state.change.logger)
[2023-05-14 09:42:11,423] INFO [Controller id=0 epoch=2] Sending UpdateMetadata request to brokers Set() for 0 partitions (state.change.logger)
[2023-05-14 09:42:11,424] INFO [Broker id=0] Handling LeaderAndIsr request correlationId 10 from controller 0 for 2 partitions (state.change.logger)
[2023-05-14 09:42:11,425] INFO [Broker id=0] Stopped fetchers as part of LeaderAndIsr request correlationId 10 from controller 0 epoch 2 as part of the become-leader transition for 2 partitions (state.change.logger)
[2023-05-14 09:42:11,432] INFO [Broker id=0] Leader statistic-retry-8000-0 with topic id Some(D3zrYPH2TSGAf2aE7-Xmsg) starts at leader epoch 0 from offset 0 with partition epoch 0, high watermark 0, ISR [0], adding replicas [] and removing replicas []. Previous leader epoch was -1. (state.change.logger)
[2023-05-14 09:42:11,439] INFO [Broker id=0] Leader statistic-dlt-0 with topic id Some(lbR_j_Y8RZyLs1N8Q77Wew) starts at leader epoch 0 from offset 0 with partition epoch 0, high watermark 0, ISR [0], adding replicas [] and removing replicas []. Previous leader epoch was -1. (state.change.logger)
[2023-05-14 09:42:11,444] INFO [Broker id=0] Finished LeaderAndIsr request in 20ms correlationId 10 from controller 0 for 2 partitions (state.change.logger)
[2023-05-14 09:42:11,445] INFO [Broker id=0] Add 2 partitions and deleted 0 partitions from metadata cache in response to UpdateMetadata request sent by controller 0 epoch 2 with correlation id 11 (state.change.logger)
[2023-05-14 09:42:11,446] INFO [Broker id=0] Handling LeaderAndIsr request correlationId 12 from controller 0 for 1 partitions (state.change.logger)
[2023-05-14 09:42:11,447] INFO [Broker id=0] Stopped fetchers as part of LeaderAndIsr request correlationId 12 from controller 0 epoch 2 as part of the become-leader transition for 1 partitions (state.change.logger)
[2023-05-14 09:42:11,453] INFO [Broker id=0] Leader statistic-retry-2000-0 with topic id Some(vV1sHxlORsGC9f2tOGZbSg) starts at leader epoch 0 from offset 0 with partition epoch 0, high watermark 0, ISR [0], adding replicas [] and removing replicas []. Previous leader epoch was -1. (state.change.logger)
[2023-05-14 09:42:11,458] INFO [Broker id=0] Finished LeaderAndIsr request in 12ms correlationId 12 from controller 0 for 1 partitions (state.change.logger)
[2023-05-14 09:42:11,459] INFO [Broker id=0] Add 1 partitions and deleted 0 partitions from metadata cache in response to UpdateMetadata request sent by controller 0 epoch 2 with correlation id 13 (state.change.logger)
[2023-05-14 09:42:11,459] INFO [Broker id=0] Handling LeaderAndIsr request correlationId 14 from controller 0 for 1 partitions (state.change.logger)
[2023-05-14 09:42:11,460] INFO [Broker id=0] Stopped fetchers as part of LeaderAndIsr request correlationId 14 from controller 0 epoch 2 as part of the become-leader transition for 1 partitions (state.change.logger)
[2023-05-14 09:42:11,463] INFO [Broker id=0] Leader statistic-retry-4000-0 with topic id Some(CYr2SUbeT7aDx1_S5vLZHA) starts at leader epoch 0 from offset 0 with partition epoch 0, high watermark 0, ISR [0], adding replicas [] and removing replicas []. Previous leader epoch was -1. (state.change.logger)
[2023-05-14 09:42:11,470] INFO [Broker id=0] Finished LeaderAndIsr request in 11ms correlationId 14 from controller 0 for 1 partitions (state.change.logger)
[2023-05-14 09:42:11,470] INFO [Broker id=0] Add 1 partitions and deleted 0 partitions from metadata cache in response to UpdateMetadata request sent by controller 0 epoch 2 with correlation id 15 (state.change.logger)
[2023-05-14 09:53:41,767] INFO [Controller id=0 epoch=2] Sending UpdateMetadata request to brokers Set() for 0 partitions (state.change.logger)
